<?xml version="1.0" encoding="UTF-8"?>
<!-- Generated by org.testng.reporters.JUnitReportReporter -->
<testsuite hostname="Mosu-PC" failures="0" tests="1" name="trainingTestNG.TestSoftAssert" time="105.452" errors="0" timestamp="2022-08-29T20:37:08 IST" skipped="0">
  <testcase classname="trainingTestNG.TestSoftAssert" name="facebook" time="105.452"/>
  <system-out/>
</testsuite> <!-- trainingTestNG.TestSoftAssert -->
