<?xml version="1.0" encoding="UTF-8"?>
<!-- Generated by org.testng.reporters.JUnitReportReporter -->
<testsuite hostname="Mosu-PC" failures="0" tests="3" name="trainingTestNG.DemoAnnotation1" time="0.054" errors="0" timestamp="2022-09-01T16:22:36 IST" skipped="0">
  <testcase classname="trainingTestNG.DemoAnnotation1" name="testRegistration" time="0.024"/>
  <system-out/>
  <testcase classname="trainingTestNG.DemoAnnotation1" name="TestLogin" time="0.015"/>
  <system-out/>
  <testcase classname="trainingTestNG.DemoAnnotation1" name="TestHomepage" time="0.015"/>
  <system-out/>
</testsuite> <!-- trainingTestNG.DemoAnnotation1 -->
