<?xml version="1.0" encoding="UTF-8"?>
<!-- Generated by org.testng.reporters.JUnitReportReporter -->
<testsuite hostname="Mosu-PC" failures="0" tests="3" name="trainingTestNG.DemoPriority" time="0.052" errors="0" timestamp="2022-09-01T16:05:34 IST" skipped="0">
  <testcase classname="trainingTestNG.DemoPriority" name="TestLogin" time="0.031"/>
  <system-out/>
  <testcase classname="trainingTestNG.DemoPriority" name="testRegistration" time="0.010"/>
  <system-out/>
  <testcase classname="trainingTestNG.DemoPriority" name="TestHomepage" time="0.011"/>
  <system-out/>
</testsuite> <!-- trainingTestNG.DemoPriority -->
