<?xml version="1.0" encoding="UTF-8"?>
<!-- Generated by org.testng.reporters.JUnitReportReporter -->
<testsuite hostname="Mosu-PC" failures="0" tests="3" name="trainingTestNG.DemoAnnotation" time="0.087" errors="0" timestamp="2022-09-01T16:20:20 IST" skipped="0">
  <testcase classname="trainingTestNG.DemoAnnotation" name="testRegistration" time="0.049"/>
  <system-out/>
  <testcase classname="trainingTestNG.DemoAnnotation" name="TestLogin" time="0.023"/>
  <system-out/>
  <testcase classname="trainingTestNG.DemoAnnotation" name="TestHomepage" time="0.015"/>
  <system-out/>
</testsuite> <!-- trainingTestNG.DemoAnnotation -->
